<?xml version="1.0" encoding="UTF-8"?>
<testsuite xmlns:xsi="http://www.w3.org/2001/XMLSchema-instance" xsi:noNamespaceSchemaLocation="https://maven.apache.org/surefire/maven-surefire-plugin/xsd/surefire-test-report-3.0.xsd" version="3.0" name="com.agoda.runner.MyTestRunner" time="28.933" tests="15" errors="0" skipped="0" failures="0">
  <properties>
    <property name="java.specification.version" value="15"/>
    <property name="sun.cpu.isalist" value="amd64"/>
    <property name="sun.jnu.encoding" value="Cp1252"/>
    <property name="java.class.path" value="D:\Eclipse\Agoda_TakeHomeTest\target\test-classes;D:\Eclipse\Agoda_TakeHomeTest\target\classes;C:\Users\DEEPANSHU GUPTA\.m2\repository\junit\junit\4.11\junit-4.11.jar;C:\Users\DEEPANSHU GUPTA\.m2\repository\org\hamcrest\hamcrest-core\1.3\hamcrest-core-1.3.jar;C:\Users\DEEPANSHU GUPTA\.m2\repository\io\cucumber\cucumber-java\6.6.0\cucumber-java-6.6.0.jar;C:\Users\DEEPANSHU GUPTA\.m2\repository\io\cucumber\cucumber-core\6.6.0\cucumber-core-6.6.0.jar;C:\Users\DEEPANSHU GUPTA\.m2\repository\io\cucumber\cucumber-gherkin\6.6.0\cucumber-gherkin-6.6.0.jar;C:\Users\DEEPANSHU GUPTA\.m2\repository\io\cucumber\cucumber-gherkin-messages\6.6.0\cucumber-gherkin-messages-6.6.0.jar;C:\Users\DEEPANSHU GUPTA\.m2\repository\io\cucumber\messages\13.0.1\messages-13.0.1.jar;C:\Users\DEEPANSHU GUPTA\.m2\repository\io\cucumber\tag-expressions\3.0.0\tag-expressions-3.0.0.jar;C:\Users\DEEPANSHU GUPTA\.m2\repository\io\cucumber\cucumber-expressions\10.3.0\cucumber-expressions-10.3.0.jar;C:\Users\DEEPANSHU GUPTA\.m2\repository\io\cucumber\datatable\3.4.0\datatable-3.4.0.jar;C:\Users\DEEPANSHU GUPTA\.m2\repository\io\cucumber\cucumber-plugin\6.6.0\cucumber-plugin-6.6.0.jar;C:\Users\DEEPANSHU GUPTA\.m2\repository\io\cucumber\docstring\6.6.0\docstring-6.6.0.jar;C:\Users\DEEPANSHU GUPTA\.m2\repository\io\cucumber\html-formatter\9.0.0\html-formatter-9.0.0.jar;C:\Users\DEEPANSHU GUPTA\.m2\repository\io\cucumber\create-meta\2.0.1\create-meta-2.0.1.jar;C:\Users\DEEPANSHU GUPTA\.m2\repository\org\apiguardian\apiguardian-api\1.1.0\apiguardian-api-1.1.0.jar;C:\Users\DEEPANSHU GUPTA\.m2\repository\io\cucumber\cucumber-junit\6.6.0\cucumber-junit-6.6.0.jar;C:\Users\DEEPANSHU GUPTA\.m2\repository\io\rest-assured\rest-assured\4.3.0\rest-assured-4.3.0.jar;C:\Users\DEEPANSHU GUPTA\.m2\repository\org\codehaus\groovy\groovy\3.0.2\groovy-3.0.2.jar;C:\Users\DEEPANSHU GUPTA\.m2\repository\org\codehaus\groovy\groovy-xml\3.0.2\groovy-xml-3.0.2.jar;C:\Users\DEEPANSHU GUPTA\.m2\repository\org\apache\httpcomponents\httpclient\4.5.3\httpclient-4.5.3.jar;C:\Users\DEEPANSHU GUPTA\.m2\repository\org\apache\httpcomponents\httpcore\4.4.6\httpcore-4.4.6.jar;C:\Users\DEEPANSHU GUPTA\.m2\repository\commons-logging\commons-logging\1.2\commons-logging-1.2.jar;C:\Users\DEEPANSHU GUPTA\.m2\repository\commons-codec\commons-codec\1.9\commons-codec-1.9.jar;C:\Users\DEEPANSHU GUPTA\.m2\repository\org\apache\httpcomponents\httpmime\4.5.3\httpmime-4.5.3.jar;C:\Users\DEEPANSHU GUPTA\.m2\repository\org\hamcrest\hamcrest\2.1\hamcrest-2.1.jar;C:\Users\DEEPANSHU GUPTA\.m2\repository\org\ccil\cowan\tagsoup\tagsoup\1.2.1\tagsoup-1.2.1.jar;C:\Users\DEEPANSHU GUPTA\.m2\repository\io\rest-assured\json-path\4.3.0\json-path-4.3.0.jar;C:\Users\DEEPANSHU GUPTA\.m2\repository\org\codehaus\groovy\groovy-json\3.0.2\groovy-json-3.0.2.jar;C:\Users\DEEPANSHU GUPTA\.m2\repository\io\rest-assured\rest-assured-common\4.3.0\rest-assured-common-4.3.0.jar;C:\Users\DEEPANSHU GUPTA\.m2\repository\io\rest-assured\xml-path\4.3.0\xml-path-4.3.0.jar;C:\Users\DEEPANSHU GUPTA\.m2\repository\org\apache\commons\commons-lang3\3.4\commons-lang3-3.4.jar;C:\Users\DEEPANSHU GUPTA\.m2\repository\jakarta\xml\bind\jakarta.xml.bind-api\2.3.2\jakarta.xml.bind-api-2.3.2.jar;C:\Users\DEEPANSHU GUPTA\.m2\repository\jakarta\activation\jakarta.activation-api\1.2.1\jakarta.activation-api-1.2.1.jar;C:\Users\DEEPANSHU GUPTA\.m2\repository\com\sun\xml\bind\jaxb-osgi\2.3.0.1\jaxb-osgi-2.3.0.1.jar;C:\Users\DEEPANSHU GUPTA\.m2\repository\org\apache\sling\org.apache.sling.javax.activation\0.1.0\org.apache.sling.javax.activation-0.1.0.jar;C:\Users\DEEPANSHU GUPTA\.m2\repository\javax\activation\activation\1.1.1\activation-1.1.1.jar;C:\Users\DEEPANSHU GUPTA\.m2\repository\com\vimalselvam\cucumber-extentsreport\3.0.2\cucumber-extentsreport-3.0.2.jar;C:\Users\DEEPANSHU GUPTA\.m2\repository\tech\grasshopper\extentreports-cucumber6-adapter\1.0.0\extentreports-cucumber6-adapter-1.0.0.jar;C:\Users\DEEPANSHU GUPTA\.m2\repository\com\aventstack\extentreports\4.1.6\extentreports-4.1.6.jar;C:\Users\DEEPANSHU GUPTA\.m2\repository\org\freemarker\freemarker\2.3.29\freemarker-2.3.29.jar;C:\Users\DEEPANSHU GUPTA\.m2\repository\com\google\code\gson\gson\2.8.6\gson-2.8.6.jar;C:\Users\DEEPANSHU GUPTA\.m2\repository\org\mongodb\bson\3.12.0\bson-3.12.0.jar;C:\Users\DEEPANSHU GUPTA\.m2\repository\org\mongodb\mongodb-driver\3.3.0\mongodb-driver-3.3.0.jar;C:\Users\DEEPANSHU GUPTA\.m2\repository\org\mongodb\mongodb-driver-core\3.3.0\mongodb-driver-core-3.3.0.jar;"/>
    <property name="java.vm.vendor" value="Oracle Corporation"/>
    <property name="sun.arch.data.model" value="64"/>
    <property name="user.variant" value=""/>
    <property name="java.vendor.url" value="https://java.oracle.com/"/>
    <property name="user.timezone" value="Asia/Calcutta"/>
    <property name="os.name" value="Windows 7"/>
    <property name="java.vm.specification.version" value="15"/>
    <property name="sun.java.launcher" value="SUN_STANDARD"/>
    <property name="user.country" value="US"/>
    <property name="sun.boot.library.path" value="C:\Program Files\Java\jdk-15.0.1\bin"/>
    <property name="sun.java.command" value="C:\Users\DEEPANSHU GUPTA\AppData\Local\Temp\surefire13963955625177108079\surefirebooter17332301444636458087.jar C:\Users\DEEPANSHU GUPTA\AppData\Local\Temp\surefire13963955625177108079 2021-06-27T22-24-15_039-jvmRun1 surefire16430467406448973475tmp surefire_07346876552647697123tmp"/>
    <property name="jdk.debug" value="release"/>
    <property name="surefire.test.class.path" value="D:\Eclipse\Agoda_TakeHomeTest\target\test-classes;D:\Eclipse\Agoda_TakeHomeTest\target\classes;C:\Users\DEEPANSHU GUPTA\.m2\repository\junit\junit\4.11\junit-4.11.jar;C:\Users\DEEPANSHU GUPTA\.m2\repository\org\hamcrest\hamcrest-core\1.3\hamcrest-core-1.3.jar;C:\Users\DEEPANSHU GUPTA\.m2\repository\io\cucumber\cucumber-java\6.6.0\cucumber-java-6.6.0.jar;C:\Users\DEEPANSHU GUPTA\.m2\repository\io\cucumber\cucumber-core\6.6.0\cucumber-core-6.6.0.jar;C:\Users\DEEPANSHU GUPTA\.m2\repository\io\cucumber\cucumber-gherkin\6.6.0\cucumber-gherkin-6.6.0.jar;C:\Users\DEEPANSHU GUPTA\.m2\repository\io\cucumber\cucumber-gherkin-messages\6.6.0\cucumber-gherkin-messages-6.6.0.jar;C:\Users\DEEPANSHU GUPTA\.m2\repository\io\cucumber\messages\13.0.1\messages-13.0.1.jar;C:\Users\DEEPANSHU GUPTA\.m2\repository\io\cucumber\tag-expressions\3.0.0\tag-expressions-3.0.0.jar;C:\Users\DEEPANSHU GUPTA\.m2\repository\io\cucumber\cucumber-expressions\10.3.0\cucumber-expressions-10.3.0.jar;C:\Users\DEEPANSHU GUPTA\.m2\repository\io\cucumber\datatable\3.4.0\datatable-3.4.0.jar;C:\Users\DEEPANSHU GUPTA\.m2\repository\io\cucumber\cucumber-plugin\6.6.0\cucumber-plugin-6.6.0.jar;C:\Users\DEEPANSHU GUPTA\.m2\repository\io\cucumber\docstring\6.6.0\docstring-6.6.0.jar;C:\Users\DEEPANSHU GUPTA\.m2\repository\io\cucumber\html-formatter\9.0.0\html-formatter-9.0.0.jar;C:\Users\DEEPANSHU GUPTA\.m2\repository\io\cucumber\create-meta\2.0.1\create-meta-2.0.1.jar;C:\Users\DEEPANSHU GUPTA\.m2\repository\org\apiguardian\apiguardian-api\1.1.0\apiguardian-api-1.1.0.jar;C:\Users\DEEPANSHU GUPTA\.m2\repository\io\cucumber\cucumber-junit\6.6.0\cucumber-junit-6.6.0.jar;C:\Users\DEEPANSHU GUPTA\.m2\repository\io\rest-assured\rest-assured\4.3.0\rest-assured-4.3.0.jar;C:\Users\DEEPANSHU GUPTA\.m2\repository\org\codehaus\groovy\groovy\3.0.2\groovy-3.0.2.jar;C:\Users\DEEPANSHU GUPTA\.m2\repository\org\codehaus\groovy\groovy-xml\3.0.2\groovy-xml-3.0.2.jar;C:\Users\DEEPANSHU GUPTA\.m2\repository\org\apache\httpcomponents\httpclient\4.5.3\httpclient-4.5.3.jar;C:\Users\DEEPANSHU GUPTA\.m2\repository\org\apache\httpcomponents\httpcore\4.4.6\httpcore-4.4.6.jar;C:\Users\DEEPANSHU GUPTA\.m2\repository\commons-logging\commons-logging\1.2\commons-logging-1.2.jar;C:\Users\DEEPANSHU GUPTA\.m2\repository\commons-codec\commons-codec\1.9\commons-codec-1.9.jar;C:\Users\DEEPANSHU GUPTA\.m2\repository\org\apache\httpcomponents\httpmime\4.5.3\httpmime-4.5.3.jar;C:\Users\DEEPANSHU GUPTA\.m2\repository\org\hamcrest\hamcrest\2.1\hamcrest-2.1.jar;C:\Users\DEEPANSHU GUPTA\.m2\repository\org\ccil\cowan\tagsoup\tagsoup\1.2.1\tagsoup-1.2.1.jar;C:\Users\DEEPANSHU GUPTA\.m2\repository\io\rest-assured\json-path\4.3.0\json-path-4.3.0.jar;C:\Users\DEEPANSHU GUPTA\.m2\repository\org\codehaus\groovy\groovy-json\3.0.2\groovy-json-3.0.2.jar;C:\Users\DEEPANSHU GUPTA\.m2\repository\io\rest-assured\rest-assured-common\4.3.0\rest-assured-common-4.3.0.jar;C:\Users\DEEPANSHU GUPTA\.m2\repository\io\rest-assured\xml-path\4.3.0\xml-path-4.3.0.jar;C:\Users\DEEPANSHU GUPTA\.m2\repository\org\apache\commons\commons-lang3\3.4\commons-lang3-3.4.jar;C:\Users\DEEPANSHU GUPTA\.m2\repository\jakarta\xml\bind\jakarta.xml.bind-api\2.3.2\jakarta.xml.bind-api-2.3.2.jar;C:\Users\DEEPANSHU GUPTA\.m2\repository\jakarta\activation\jakarta.activation-api\1.2.1\jakarta.activation-api-1.2.1.jar;C:\Users\DEEPANSHU GUPTA\.m2\repository\com\sun\xml\bind\jaxb-osgi\2.3.0.1\jaxb-osgi-2.3.0.1.jar;C:\Users\DEEPANSHU GUPTA\.m2\repository\org\apache\sling\org.apache.sling.javax.activation\0.1.0\org.apache.sling.javax.activation-0.1.0.jar;C:\Users\DEEPANSHU GUPTA\.m2\repository\javax\activation\activation\1.1.1\activation-1.1.1.jar;C:\Users\DEEPANSHU GUPTA\.m2\repository\com\vimalselvam\cucumber-extentsreport\3.0.2\cucumber-extentsreport-3.0.2.jar;C:\Users\DEEPANSHU GUPTA\.m2\repository\tech\grasshopper\extentreports-cucumber6-adapter\1.0.0\extentreports-cucumber6-adapter-1.0.0.jar;C:\Users\DEEPANSHU GUPTA\.m2\repository\com\aventstack\extentreports\4.1.6\extentreports-4.1.6.jar;C:\Users\DEEPANSHU GUPTA\.m2\repository\org\freemarker\freemarker\2.3.29\freemarker-2.3.29.jar;C:\Users\DEEPANSHU GUPTA\.m2\repository\com\google\code\gson\gson\2.8.6\gson-2.8.6.jar;C:\Users\DEEPANSHU GUPTA\.m2\repository\org\mongodb\bson\3.12.0\bson-3.12.0.jar;C:\Users\DEEPANSHU GUPTA\.m2\repository\org\mongodb\mongodb-driver\3.3.0\mongodb-driver-3.3.0.jar;C:\Users\DEEPANSHU GUPTA\.m2\repository\org\mongodb\mongodb-driver-core\3.3.0\mongodb-driver-core-3.3.0.jar;"/>
    <property name="sun.cpu.endian" value="little"/>
    <property name="user.home" value="C:\Users\DEEPANSHU GUPTA"/>
    <property name="user.language" value="en"/>
    <property name="java.specification.vendor" value="Oracle Corporation"/>
    <property name="java.version.date" value="2020-10-20"/>
    <property name="java.home" value="C:\Program Files\Java\jdk-15.0.1"/>
    <property name="file.separator" value="\"/>
    <property name="basedir" value="D:\Eclipse\Agoda_TakeHomeTest"/>
    <property name="java.vm.compressedOopsMode" value="32-bit"/>
    <property name="line.separator" value="&#10;"/>
    <property name="java.vm.specification.vendor" value="Oracle Corporation"/>
    <property name="java.specification.name" value="Java Platform API Specification"/>
    <property name="surefire.real.class.path" value="C:\Users\DEEPANSHU GUPTA\AppData\Local\Temp\surefire13963955625177108079\surefirebooter17332301444636458087.jar"/>
    <property name="user.script" value=""/>
    <property name="sun.management.compiler" value="HotSpot 64-Bit Tiered Compilers"/>
    <property name="java.runtime.version" value="15.0.1+9-18"/>
    <property name="user.name" value="DEEPANSHU GUPTA"/>
    <property name="path.separator" value=";"/>
    <property name="os.version" value="6.1"/>
    <property name="java.runtime.name" value="Java(TM) SE Runtime Environment"/>
    <property name="file.encoding" value="Cp1252"/>
    <property name="java.vm.name" value="Java HotSpot(TM) 64-Bit Server VM"/>
    <property name="localRepository" value="C:\Users\DEEPANSHU GUPTA\.m2\repository"/>
    <property name="java.vendor.url.bug" value="https://bugreport.java.com/bugreport/"/>
    <property name="java.io.tmpdir" value="C:\Users\DEEPAN~1\AppData\Local\Temp\"/>
    <property name="java.version" value="15.0.1"/>
    <property name="user.dir" value="D:\Eclipse\Agoda_TakeHomeTest"/>
    <property name="os.arch" value="amd64"/>
    <property name="java.vm.specification.name" value="Java Virtual Machine Specification"/>
    <property name="sun.os.patch.level" value="Service Pack 1"/>
    <property name="java.library.path" value="C:\Program Files\Java\jdk-15.0.1\bin;C:\Windows\Sun\Java\bin;C:\Windows\system32;C:\Windows;C:\Program Files (x86)\Common Files\Oracle\Java\javapath;C:\Windows\system32;C:\Windows;C:\Windows\System32\Wbem;C:\Windows\System32\WindowsPowerShell\v1.0\;C:\Program Files (x86)\NVIDIA Corporation\PhysX\Common;C:\Program Files\Java\jdk-15.0.1\bin;C:\Program Files\nodejs\;D:\Eclipse\apache-maven-3.8.1\bin;C:\Users\DEEPANSHU GUPTA\AppData\Roaming\npm;C:\Users\DEEPANSHU GUPTA\AppData\Local\Programs\Microsoft VS Code\bin;."/>
    <property name="java.vm.info" value="mixed mode, sharing"/>
    <property name="java.vendor" value="Oracle Corporation"/>
    <property name="java.vm.version" value="15.0.1+9-18"/>
    <property name="sun.io.unicode.encoding" value="UnicodeLittle"/>
    <property name="java.class.version" value="59.0"/>
  </properties>
  <testcase name="User calls GetQuotes with tag query param multiple values(AND) #1" classname="Verify Get Quotes API" time="5.507"/>
  <testcase name="User calls GetQuotes with tag query param multiple values(AND) #2" classname="Verify Get Quotes API" time="1.483"/>
  <testcase name="User calls GetQuotes with tag query param multiple values (OR)" classname="Verify Get Quotes API" time="1.415"/>
  <testcase name="User calls GetQuotes with author query param #1" classname="Verify Get Quotes API" time="1.79"/>
  <testcase name="User calls GetQuotes with author query param #2" classname="Verify Get Quotes API" time="1.468"/>
  <testcase name="User calls GetQuotes with page query param #1" classname="Verify Get Quotes API" time="1.439"/>
  <testcase name="User calls GetQuotes with page query param #2" classname="Verify Get Quotes API" time="1.444"/>
  <testcase name="User calls GetQuotes with page query param #3" classname="Verify Get Quotes API" time="1.478"/>
  <testcase name="User calls GetQuotes with tag&amp;author query param" classname="Verify Get Quotes API" time="1.389"/>
  <testcase name="User calls GetQuotes with page&amp;author query param #1" classname="Verify Get Quotes API" time="1.483"/>
  <testcase name="User calls GetQuotes with page&amp;author query param #2" classname="Verify Get Quotes API" time="1.421"/>
  <testcase name="User calls GetQuotes with page&amp;tag query param #1" classname="Verify Get Quotes API" time="1.506"/>
  <testcase name="User calls GetQuotes with page&amp;tag query param #2" classname="Verify Get Quotes API" time="1.37"/>
  <testcase name="User calls GetQuotes with page , tag &amp; author query param" classname="Verify Get Quotes API" time="1.467"/>
  <testcase name="User calls GetQuotes with incorrect endpoint" classname="Verify Get Quotes API" time="2.389"/>
</testsuite>